2025-05-29 10:42:52,380 - __main__ - INFO - 초기화: 임대료 데이터 로드 중...
2025-05-29 10:42:52,381 - __main__ - INFO - 부동산 임대료 데이터 수집 중...
2025-05-29 10:43:22,410 - __main__ - ERROR - 임대료 데이터 수집 오류: HTTPConnectionPool(host='openapi.seoul.go.kr', port=8088): Read timed out. (read timeout=30)
2025-05-29 10:43:22,411 - __main__ - INFO - 분석 시작: 5개 지역
2025-05-29 10:43:22,614 - __main__ - INFO - 부동산 임대료 데이터 수집 중...
2025-05-29 10:43:52,635 - __main__ - ERROR - 임대료 데이터 수집 오류: HTTPConnectionPool(host='openapi.seoul.go.kr', port=8088): Read timed out. (read timeout=30)
2025-05-29 10:43:52,853 - __main__ - INFO - 부동산 임대료 데이터 수집 중...
2025-05-29 10:44:22,881 - __main__ - ERROR - 임대료 데이터 수집 오류: HTTPConnectionPool(host='openapi.seoul.go.kr', port=8088): Read timed out. (read timeout=30)
2025-05-29 10:44:23,066 - __main__ - INFO - 부동산 임대료 데이터 수집 중...
2025-05-29 10:44:53,088 - __main__ - ERROR - 임대료 데이터 수집 오류: HTTPConnectionPool(host='openapi.seoul.go.kr', port=8088): Read timed out. (read timeout=30)
2025-05-29 10:44:53,270 - __main__ - INFO - 부동산 임대료 데이터 수집 중...
2025-05-29 10:45:23,289 - __main__ - ERROR - 임대료 데이터 수집 오류: HTTPConnectionPool(host='openapi.seoul.go.kr', port=8088): Read timed out. (read timeout=30)
2025-05-29 10:45:23,486 - __main__ - INFO - 부동산 임대료 데이터 수집 중...
2025-05-29 10:45:53,504 - __main__ - ERROR - 임대료 데이터 수집 오류: HTTPConnectionPool(host='openapi.seoul.go.kr', port=8088): Read timed out. (read timeout=30)
2025-05-29 10:45:53,506 - __main__ - INFO - 데이터 수집 완료: 5개 지역
2025-05-29 10:45:53,506 - __main__ - INFO - 광화문·덕수궁 제외: ['과도한 경쟁: 783개 매장']
2025-05-29 10:45:53,506 - __main__ - INFO - 명동 관광특구 제외: ['카페 평균결제액 부적합: 667원', '과도한 경쟁: 1223개 매장']
2025-05-29 10:45:53,506 - __main__ - INFO - 홍대 관광특구 제외: ['과도한 경쟁: 1387개 매장']
2025-05-29 10:45:53,507 - __main__ - INFO - 강남역 제외: ['과도한 경쟁: 919개 매장']
2025-05-29 10:45:53,507 - __main__ - INFO - 잠실 관광특구 제외: ['카페 평균결제액 부적합: 175원', '과도한 경쟁: 314개 매장']
2025-05-29 10:45:53,507 - __main__ - INFO - 제약조건 통과: 0개 지역
2025-05-29 10:45:53,507 - __main__ - WARNING - 제약조건을 만족하는 지역이 없습니다.
2025-05-29 10:45:53,507 - __main__ - ERROR - 프로그램 실행 중 오류 발생: 'best_overall'
2025-05-29 10:46:59,592 - __main__ - INFO - 초기화: 임대료 데이터 로드 중...
2025-05-29 10:46:59,594 - __main__ - INFO - 부동산 임대료 데이터 수집 시작...
2025-05-29 10:47:35,373 - __main__ - INFO - 처리된 임대료 데이터: 0건, 0개 지역
2025-05-29 10:47:35,375 - __main__ - INFO - 분석 시작: 5개 지역
2025-05-29 10:47:36,782 - __main__ - INFO - 데이터 수집 완료: 5개 지역
2025-05-29 10:47:36,783 - __main__ - INFO - 광화문·덕수궁 제외: ['카페 평균결제액 부적합: 225원', '과도한 경쟁: 411개 매장']
2025-05-29 10:47:36,783 - __main__ - INFO - 명동 관광특구 제외: ['카페 평균결제액 부적합: 667원', '과도한 경쟁: 1223개 매장']
2025-05-29 10:47:36,783 - __main__ - INFO - 홍대 관광특구 제외: ['과도한 경쟁: 1387개 매장']
2025-05-29 10:47:36,783 - __main__ - INFO - 강남역 제외: ['과도한 경쟁: 919개 매장']
2025-05-29 10:47:36,783 - __main__ - INFO - 잠실 관광특구 제외: ['카페 평균결제액 부적합: 175원', '과도한 경쟁: 314개 매장']
2025-05-29 10:47:36,783 - __main__ - INFO - 제약조건 통과: 0개 지역
2025-05-29 10:47:36,783 - __main__ - WARNING - 제약조건을 만족하는 지역이 없습니다.
2025-05-29 10:47:36,783 - __main__ - ERROR - 프로그램 실행 중 오류 발생: 'best_overall'
2025-05-29 10:48:24,703 - __main__ - INFO - 초기화: 임대료 데이터 로드 중...
2025-05-29 10:48:24,703 - __main__ - INFO - 부동산 임대료 데이터 수집 시작...
2025-05-29 10:49:02,006 - __main__ - INFO - 처리된 임대료 데이터: 0건, 0개 지역
2025-05-29 10:49:02,006 - __main__ - INFO - 분석 시작: 20개 지역
2025-05-29 10:49:06,242 - __main__ - INFO - 데이터 수집 완료: 20개 지역
2025-05-29 10:49:06,243 - __main__ - INFO - 강남 MICE 관광특구 제외: ['카페 평균결제액 부적합: 85,000원']
2025-05-29 10:49:06,243 - __main__ - INFO - 명동 관광특구 제외: ['카페 평균결제액 부적합: 667원', '과도한 경쟁: 1223개 매장']
2025-05-29 10:49:06,243 - __main__ - INFO - 이태원 관광특구 제외: ['카페 평균결제액 부적합: 60,000원']
2025-05-29 10:49:06,244 - __main__ - INFO - 잠실 관광특구 제외: ['카페 평균결제액 부적합: 175원']
2025-05-29 10:49:06,244 - __main__ - INFO - 종로·청계 관광특구 제외: ['과도한 경쟁: 1060개 매장']
2025-05-29 10:49:06,244 - __main__ - INFO - 홍대 관광특구 제외: ['과도한 경쟁: 1387개 매장']
2025-05-29 10:49:06,244 - __main__ - INFO - 광화문·덕수궁 제외: ['카페 평균결제액 부적합: 225원']
2025-05-29 10:49:06,244 - __main__ - INFO - 가산디지털단지역 제외: ['카페 평균결제액 부적합: 275원']
2025-05-29 10:49:06,245 - __main__ - INFO - 강남역 제외: ['과도한 경쟁: 919개 매장']
2025-05-29 10:49:06,245 - __main__ - INFO - 건대입구역 제외: ['카페 평균결제액 부적합: 65,000원']
2025-05-29 10:49:06,245 - __main__ - INFO - 고덕역 제외: ['카페 평균결제액 부적합: 625원']
2025-05-29 10:49:06,245 - __main__ - INFO - 교대역 제외: ['카페 평균결제액 부적합: 65,000원']
2025-05-29 10:49:06,245 - __main__ - INFO - 구로디지털단지역 제외: ['카페 평균결제액 부적합: 90,000원']
2025-05-29 10:49:06,245 - __main__ - INFO - 구로역 제외: ['카페 평균결제액 부적합: 225원']
2025-05-29 10:49:06,246 - __main__ - INFO - 대림역 제외: ['카페 평균결제액 부적합: 925원']
2025-05-29 10:49:06,246 - __main__ - INFO - 제약조건 통과: 5개 지역
2025-05-29 10:49:06,246 - __main__ - INFO - 상권 추정매출 데이터 수집 중...
2025-05-29 10:49:07,266 - __main__ - INFO - 수집된 매출 데이터: 1000건
2025-05-29 10:49:07,267 - __main__ - INFO - 파레토 최적해: 5개
2025-05-29 10:50:40,069 - __main__ - INFO - 초기화: 임대료 데이터 로드 중...
2025-05-29 10:50:40,069 - __main__ - INFO - 부동산 임대료 데이터 수집 시작...
2025-05-29 10:51:17,599 - __main__ - INFO - 처리된 임대료 데이터: 0건, 0개 지역
2025-05-29 10:51:17,600 - __main__ - INFO - 분석 시작: 82개 지역
2025-05-29 10:51:34,662 - __main__ - INFO - 데이터 수집 완료: 82개 지역
2025-05-29 10:51:34,663 - __main__ - INFO - 강남 MICE 관광특구 제외: ['카페 평균결제액 부적합: 85,000원']
2025-05-29 10:51:34,663 - __main__ - INFO - 동대문 관광특구 제외: ['과도한 경쟁: 360개 매장']
2025-05-29 10:51:34,663 - __main__ - INFO - 명동 관광특구 제외: ['카페 평균결제액 부적합: 667원', '과도한 경쟁: 1223개 매장']
2025-05-29 10:51:34,663 - __main__ - INFO - 이태원 관광특구 제외: ['카페 평균결제액 부적합: 60,000원', '과도한 경쟁: 304개 매장']
2025-05-29 10:51:34,663 - __main__ - INFO - 잠실 관광특구 제외: ['카페 평균결제액 부적합: 175원', '과도한 경쟁: 314개 매장', '타겟 매칭 부족: 29.4%']
2025-05-29 10:51:34,663 - __main__ - INFO - 종로·청계 관광특구 제외: ['과도한 경쟁: 1060개 매장', '타겟 매칭 부족: 29.2%']
2025-05-29 10:51:34,663 - __main__ - INFO - 홍대 관광특구 제외: ['과도한 경쟁: 1387개 매장']
2025-05-29 10:51:34,663 - __main__ - INFO - 광화문·덕수궁 제외: ['카페 평균결제액 부적합: 225원', '과도한 경쟁: 411개 매장', '타겟 매칭 부족: 29.5%']
2025-05-29 10:51:34,663 - __main__ - INFO - 보신각 제외: ['타겟 매칭 부족: 29.8%']
2025-05-29 10:51:34,664 - __main__ - INFO - 가산디지털단지역 제외: ['카페 평균결제액 부적합: 275원', '과도한 경쟁: 339개 매장']
2025-05-29 10:51:34,664 - __main__ - INFO - 강남역 제외: ['과도한 경쟁: 919개 매장']
2025-05-29 10:51:34,664 - __main__ - INFO - 건대입구역 제외: ['카페 평균결제액 부적합: 65,000원', '과도한 경쟁: 336개 매장', '타겟 매칭 부족: 22.4%']
2025-05-29 10:51:34,664 - __main__ - INFO - 고덕역 제외: ['카페 평균결제액 부적합: 625원', '타겟 매칭 부족: 25.8%']
2025-05-29 10:51:34,664 - __main__ - INFO - 교대역 제외: ['카페 평균결제액 부적합: 65,000원', '과도한 경쟁: 211개 매장', '타겟 매칭 부족: 24.3%']
2025-05-29 10:51:34,664 - __main__ - INFO - 구로디지털단지역 제외: ['카페 평균결제액 부적합: 90,000원', '과도한 경쟁: 304개 매장', '타겟 매칭 부족: 29.5%']
2025-05-29 10:51:34,664 - __main__ - INFO - 구로역 제외: ['카페 평균결제액 부적합: 225원', '타겟 매칭 부족: 23.1%']
2025-05-29 10:51:34,664 - __main__ - INFO - 대림역 제외: ['카페 평균결제액 부적합: 925원', '타겟 매칭 부족: 17.2%']
2025-05-29 10:51:34,664 - __main__ - INFO - 동대문역 제외: ['타겟 매칭 부족: 29.7%']
2025-05-29 10:51:34,664 - __main__ - INFO - 뚝섬역 제외: ['과도한 경쟁: 269개 매장', '타겟 매칭 부족: 22.2%']
2025-05-29 10:51:34,664 - __main__ - INFO - 미아사거리역 제외: ['카페 평균결제액 부적합: 55,000원', '타겟 매칭 부족: 29.9%']
2025-05-29 10:51:34,664 - __main__ - INFO - 발산역 제외: ['카페 평균결제액 부적합: 55,000원', '과도한 경쟁: 512개 매장', '타겟 매칭 부족: 29.3%']
2025-05-29 10:51:34,664 - __main__ - INFO - 사당역 제외: ['카페 평균결제액 부적합: 55,000원', '타겟 매칭 부족: 23.1%']
2025-05-29 10:51:34,664 - __main__ - INFO - 서울대입구역 제외: ['카페 평균결제액 부적합: 60,000원', '과도한 경쟁: 228개 매장', '타겟 매칭 부족: 22.4%']
2025-05-29 10:51:34,664 - __main__ - INFO - 서울식물원·마곡나루역 제외: ['타겟 매칭 부족: 23.3%']
2025-05-29 10:51:34,664 - __main__ - INFO - 서울역 제외: ['타겟 매칭 부족: 29.9%']
2025-05-29 10:51:34,664 - __main__ - INFO - 선릉역 제외: ['카페 평균결제액 부적합: 150원', '과도한 경쟁: 391개 매장', '타겟 매칭 부족: 29.7%']
2025-05-29 10:51:34,665 - __main__ - INFO - 수유역 제외: ['과도한 경쟁: 311개 매장', '타겟 매칭 부족: 28.2%']
2025-05-29 10:51:34,665 - __main__ - INFO - 신도림역 제외: ['타겟 매칭 부족: 23.2%']
2025-05-29 10:51:34,665 - __main__ - INFO - 신촌·이대역 제외: ['과도한 경쟁: 874개 매장', '타겟 매칭 부족: 27.2%']
2025-05-29 10:51:34,665 - __main__ - INFO - 양재역 제외: ['과도한 경쟁: 358개 매장', '타겟 매칭 부족: 24.5%']
2025-05-29 10:51:34,665 - __main__ - INFO - 역삼역 제외: ['카페 평균결제액 부적합: 258원', '과도한 경쟁: 619개 매장']
2025-05-29 10:51:34,665 - __main__ - INFO - 연신내역 제외: ['과도한 경쟁: 234개 매장', '타겟 매칭 부족: 29.8%']
2025-05-29 10:51:34,665 - __main__ - INFO - 오목교역·목동운동장 제외: ['과도한 경쟁: 245개 매장', '타겟 매칭 부족: 18.7%']
2025-05-29 10:51:34,665 - __main__ - INFO - 왕십리역 제외: ['타겟 매칭 부족: 20.7%']
2025-05-29 10:51:34,665 - __main__ - INFO - 용산역 제외: ['카페 평균결제액 부적합: 95,000원']
2025-05-29 10:51:34,665 - __main__ - INFO - 장지역 제외: ['타겟 매칭 부족: 20.9%']
2025-05-29 10:51:34,665 - __main__ - INFO - 장한평역 제외: ['카페 평균결제액 부적합: 75,000원', '타겟 매칭 부족: 21.4%']
2025-05-29 10:51:34,665 - __main__ - INFO - 총신대입구(이수)역 제외: ['과도한 경쟁: 212개 매장', '타겟 매칭 부족: 20.1%']
2025-05-29 10:51:34,665 - __main__ - INFO - 충정로역 제외: ['타겟 매칭 부족: 28.0%']
2025-05-29 10:51:34,665 - __main__ - INFO - 합정역 제외: ['카페 평균결제액 부적합: 60,000원', '과도한 경쟁: 272개 매장', '타겟 매칭 부족: 21.3%']
2025-05-29 10:51:34,665 - __main__ - INFO - 혜화역 제외: ['과도한 경쟁: 253개 매장']
2025-05-29 10:51:34,665 - __main__ - INFO - 홍대입구역(2호선) 제외: ['타겟 매칭 부족: 26.0%']
2025-05-29 10:51:34,665 - __main__ - INFO - 회기역 제외: ['카페 평균결제액 부적합: 65,000원', '과도한 경쟁: 458개 매장']
2025-05-29 10:51:34,665 - __main__ - INFO - 가락시장 제외: ['카페 평균결제액 부적합: 575원', '타겟 매칭 부족: 27.3%']
2025-05-29 10:51:34,665 - __main__ - INFO - 가로수길 제외: ['과도한 경쟁: 344개 매장']
2025-05-29 10:51:34,665 - __main__ - INFO - 광장(전통)시장 제외: ['카페 평균결제액 부적합: 1,050원', '타겟 매칭 부족: 22.9%']
2025-05-29 10:51:34,665 - __main__ - INFO - 노량진 제외: ['타겟 매칭 부족: 24.9%']
2025-05-29 10:51:34,665 - __main__ - INFO - 덕수궁길·정동길 제외: ['타겟 매칭 부족: 25.1%']
2025-05-29 10:51:34,665 - __main__ - INFO - 북촌한옥마을 제외: ['과도한 경쟁: 243개 매장', '타겟 매칭 부족: 24.5%']
2025-05-29 10:51:34,666 - __main__ - INFO - 서촌 제외: ['카페 평균결제액 부적합: 55,000원', '과도한 경쟁: 259개 매장', '타겟 매칭 부족: 20.9%']
2025-05-29 10:51:34,666 - __main__ - INFO - 성수카페거리 제외: ['과도한 경쟁: 500개 매장', '타겟 매칭 부족: 23.6%']
2025-05-29 10:51:34,666 - __main__ - INFO - 쌍문역 제외: ['타겟 매칭 부족: 28.0%']
2025-05-29 10:51:34,666 - __main__ - INFO - 압구정로데오거리 제외: ['카페 평균결제액 부적합: 125원']
2025-05-29 10:51:34,666 - __main__ - INFO - 여의도 제외: ['과도한 경쟁: 1473개 매장', '타겟 매칭 부족: 24.9%']
2025-05-29 10:51:34,666 - __main__ - INFO - 연남동 제외: ['타겟 매칭 부족: 26.0%']
2025-05-29 10:51:34,666 - __main__ - INFO - 용리단길 제외: ['타겟 매칭 부족: 22.4%']
2025-05-29 10:51:34,666 - __main__ - INFO - 이태원 앤틱가구거리 제외: ['타겟 매칭 부족: 21.7%']
2025-05-29 10:51:34,666 - __main__ - INFO - 인사동 제외: ['과도한 경쟁: 231개 매장', '타겟 매칭 부족: 28.8%']
2025-05-29 10:51:34,666 - __main__ - INFO - 창동 신경제 중심지 제외: ['과도한 경쟁: 757개 매장', '타겟 매칭 부족: 20.3%']
2025-05-29 10:51:34,666 - __main__ - INFO - 청담동 명품거리 제외: ['카페 평균결제액 부적합: 55,000원']
2025-05-29 10:51:34,666 - __main__ - INFO - 청량리 제기동 일대 전통시장 제외: ['카페 평균결제액 부적합: 2,250원', '타겟 매칭 부족: 22.4%']
2025-05-29 10:51:34,666 - __main__ - INFO - 해방촌·경리단길 제외: ['타겟 매칭 부족: 28.5%']
2025-05-29 10:51:34,666 - __main__ - INFO - DMC(디지털미디어시티) 제외: ['과도한 경쟁: 278개 매장', '타겟 매칭 부족: 22.0%']
2025-05-29 10:51:34,666 - __main__ - INFO - 북창동 먹자골목 제외: ['카페 평균결제액 부적합: 55,000원']
2025-05-29 10:51:34,666 - __main__ - INFO - 익선동 제외: ['과도한 경쟁: 263개 매장', '타겟 매칭 부족: 25.1%']
2025-05-29 10:51:34,666 - __main__ - INFO - 신정네거리역 제외: ['카페 평균결제액 부적합: 55,000원', '타겟 매칭 부족: 28.8%']
2025-05-29 10:51:34,666 - __main__ - INFO - 잠실새내역 제외: ['과도한 경쟁: 507개 매장', '타겟 매칭 부족: 21.5%']
2025-05-29 10:51:34,666 - __main__ - INFO - 잠실역 제외: ['타겟 매칭 부족: 29.5%']
2025-05-29 10:51:34,666 - __main__ - INFO - 잠실롯데타워 일대 제외: ['과도한 경쟁: 289개 매장', '타겟 매칭 부족: 29.2%']
2025-05-29 10:51:34,666 - __main__ - INFO - 송리단길·호수단길 제외: ['과도한 경쟁: 231개 매장', '타겟 매칭 부족: 29.2%']
2025-05-29 10:51:34,666 - __main__ - INFO - 신촌 스타광장 제외: ['카페 평균결제액 부적합: 125원', '타겟 매칭 부족: 27.4%']
2025-05-29 10:51:34,666 - __main__ - INFO - 제약조건 통과: 11개 지역
2025-05-29 10:51:34,667 - __main__ - INFO - 상권 추정매출 데이터 수집 중...
2025-05-29 10:51:35,247 - __main__ - INFO - 수집된 매출 데이터: 1000건
2025-05-29 10:51:35,248 - __main__ - INFO - 파레토 최적해: 7개
2025-05-29 10:52:48,962 - __main__ - INFO - 초기화: 임대료 데이터 로드 중...
2025-05-29 10:52:48,963 - __main__ - INFO - 부동산 임대료 데이터 수집 시작...
2025-05-29 10:53:26,178 - __main__ - INFO - 처리된 임대료 데이터: 0건, 0개 지역
2025-05-29 10:53:26,179 - __main__ - INFO - 분석 시작: 82개 지역
2025-05-29 10:53:43,168 - __main__ - INFO - 데이터 수집 완료: 82개 지역
2025-05-29 10:53:43,168 - __main__ - INFO - 강남 MICE 관광특구 제외: ['과도한 경쟁: 60개 매장']
2025-05-29 10:53:43,168 - __main__ - INFO - 동대문 관광특구 제외: ['과도한 경쟁: 360개 매장', '타겟 매칭 부족: 21.7%']
2025-05-29 10:53:43,169 - __main__ - INFO - 명동 관광특구 제외: ['카페 평균결제액 부적합: 667원', '과도한 경쟁: 1223개 매장']
2025-05-29 10:53:43,169 - __main__ - INFO - 이태원 관광특구 제외: ['과도한 경쟁: 304개 매장']
2025-05-29 10:53:43,169 - __main__ - INFO - 잠실 관광특구 제외: ['카페 평균결제액 부적합: 175원', '과도한 경쟁: 314개 매장', '타겟 매칭 부족: 26.5%']
2025-05-29 10:53:43,169 - __main__ - INFO - 종로·청계 관광특구 제외: ['과도한 경쟁: 1060개 매장', '타겟 매칭 부족: 29.2%']
2025-05-29 10:53:43,169 - __main__ - INFO - 홍대 관광특구 제외: ['과도한 경쟁: 1387개 매장']
2025-05-29 10:53:43,170 - __main__ - INFO - 광화문·덕수궁 제외: ['카페 평균결제액 부적합: 225원', '과도한 경쟁: 411개 매장']
2025-05-29 10:53:43,170 - __main__ - INFO - 보신각 제외: ['과도한 경쟁: 160개 매장']
2025-05-29 10:53:43,170 - __main__ - INFO - 가산디지털단지역 제외: ['카페 평균결제액 부적합: 275원', '과도한 경쟁: 339개 매장']
2025-05-29 10:53:43,170 - __main__ - INFO - 강남역 제외: ['과도한 경쟁: 919개 매장']
2025-05-29 10:53:43,170 - __main__ - INFO - 건대입구역 제외: ['과도한 경쟁: 336개 매장']
2025-05-29 10:53:43,170 - __main__ - INFO - 고덕역 제외: ['카페 평균결제액 부적합: 625원', '타겟 매칭 부족: 23.8%']
2025-05-29 10:53:43,171 - __main__ - INFO - 고속터미널역 제외: ['과도한 경쟁: 176개 매장', '타겟 매칭 부족: 19.2%']
2025-05-29 10:53:43,171 - __main__ - INFO - 교대역 제외: ['과도한 경쟁: 211개 매장']
2025-05-29 10:53:43,171 - __main__ - INFO - 구로디지털단지역 제외: ['과도한 경쟁: 304개 매장']
2025-05-29 10:53:43,171 - __main__ - INFO - 구로역 제외: ['카페 평균결제액 부적합: 225원']
2025-05-29 10:53:43,171 - __main__ - INFO - 군자역 제외: ['타겟 매칭 부족: 23.4%']
2025-05-29 10:53:43,171 - __main__ - INFO - 대림역 제외: ['카페 평균결제액 부적합: 925원']
2025-05-29 10:53:43,171 - __main__ - INFO - 동대문역 제외: ['타겟 매칭 부족: 17.7%']
2025-05-29 10:53:43,171 - __main__ - INFO - 뚝섬역 제외: ['과도한 경쟁: 269개 매장']
2025-05-29 10:53:43,171 - __main__ - INFO - 미아사거리역 제외: ['타겟 매칭 부족: 17.6%']
2025-05-29 10:53:43,171 - __main__ - INFO - 발산역 제외: ['과도한 경쟁: 512개 매장', '타겟 매칭 부족: 29.9%']
2025-05-29 10:53:43,171 - __main__ - INFO - 사당역 제외: ['과도한 경쟁: 52개 매장']
2025-05-29 10:53:43,171 - __main__ - INFO - 서울대입구역 제외: ['과도한 경쟁: 228개 매장']
2025-05-29 10:53:43,172 - __main__ - INFO - 서울식물원·마곡나루역 제외: ['과도한 경쟁: 139개 매장']
2025-05-29 10:53:43,172 - __main__ - INFO - 서울역 제외: ['과도한 경쟁: 122개 매장']
2025-05-29 10:53:43,172 - __main__ - INFO - 선릉역 제외: ['카페 평균결제액 부적합: 150원', '과도한 경쟁: 391개 매장']
2025-05-29 10:53:43,172 - __main__ - INFO - 성신여대입구역 제외: ['타겟 매칭 부족: 17.8%']
2025-05-29 10:53:43,172 - __main__ - INFO - 수유역 제외: ['과도한 경쟁: 311개 매장', '타겟 매칭 부족: 28.6%']
2025-05-29 10:53:43,172 - __main__ - INFO - 신논현역·논현역 제외: ['과도한 경쟁: 190개 매장']
2025-05-29 10:53:43,172 - __main__ - INFO - 신림역 제외: ['과도한 경쟁: 49개 매장', '타겟 매칭 부족: 21.0%']
2025-05-29 10:53:43,172 - __main__ - INFO - 신촌·이대역 제외: ['과도한 경쟁: 874개 매장']
2025-05-29 10:53:43,172 - __main__ - INFO - 양재역 제외: ['과도한 경쟁: 358개 매장']
2025-05-29 10:53:43,172 - __main__ - INFO - 역삼역 제외: ['카페 평균결제액 부적합: 258원', '과도한 경쟁: 619개 매장']
2025-05-29 10:53:43,172 - __main__ - INFO - 연신내역 제외: ['과도한 경쟁: 234개 매장', '타겟 매칭 부족: 18.7%']
2025-05-29 10:53:43,173 - __main__ - INFO - 오목교역·목동운동장 제외: ['과도한 경쟁: 245개 매장']
2025-05-29 10:53:43,173 - __main__ - INFO - 왕십리역 제외: ['과도한 경쟁: 79개 매장']
2025-05-29 10:53:43,173 - __main__ - INFO - 용산역 제외: ['과도한 경쟁: 45개 매장', '타겟 매칭 부족: 25.5%']
2025-05-29 10:53:43,173 - __main__ - INFO - 이태원역 제외: ['타겟 매칭 부족: 24.2%']
2025-05-29 10:53:43,173 - __main__ - INFO - 천호역 제외: ['타겟 매칭 부족: 21.4%']
2025-05-29 10:53:43,173 - __main__ - INFO - 총신대입구(이수)역 제외: ['과도한 경쟁: 212개 매장']
2025-05-29 10:53:43,173 - __main__ - INFO - 합정역 제외: ['과도한 경쟁: 272개 매장']
2025-05-29 10:53:43,173 - __main__ - INFO - 혜화역 제외: ['과도한 경쟁: 253개 매장', '타겟 매칭 부족: 26.8%']
2025-05-29 10:53:43,173 - __main__ - INFO - 회기역 제외: ['과도한 경쟁: 458개 매장', '타겟 매칭 부족: 21.4%']
2025-05-29 10:53:43,173 - __main__ - INFO - 가락시장 제외: ['카페 평균결제액 부적합: 575원', '타겟 매칭 부족: 27.8%']
2025-05-29 10:53:43,173 - __main__ - INFO - 가로수길 제외: ['과도한 경쟁: 344개 매장']
2025-05-29 10:53:43,174 - __main__ - INFO - 광장(전통)시장 제외: ['카페 평균결제액 부적합: 1,050원']
2025-05-29 10:53:43,174 - __main__ - INFO - 김포공항 제외: ['타겟 매칭 부족: 20.2%']
2025-05-29 10:53:43,174 - __main__ - INFO - 노량진 제외: ['과도한 경쟁: 148개 매장']
2025-05-29 10:53:43,174 - __main__ - INFO - 북촌한옥마을 제외: ['과도한 경쟁: 243개 매장']
2025-05-29 10:53:43,174 - __main__ - INFO - 서촌 제외: ['과도한 경쟁: 259개 매장']
2025-05-29 10:53:43,174 - __main__ - INFO - 성수카페거리 제외: ['과도한 경쟁: 500개 매장']
2025-05-29 10:53:43,174 - __main__ - INFO - 쌍문역 제외: ['타겟 매칭 부족: 25.5%']
2025-05-29 10:53:43,174 - __main__ - INFO - 압구정로데오거리 제외: ['카페 평균결제액 부적합: 125원', '과도한 경쟁: 56개 매장']
2025-05-29 10:53:43,174 - __main__ - INFO - 여의도 제외: ['과도한 경쟁: 1473개 매장']
2025-05-29 10:53:43,174 - __main__ - INFO - 연남동 제외: ['과도한 경쟁: 74개 매장']
2025-05-29 10:53:43,174 - __main__ - INFO - 영등포 타임스퀘어 제외: ['과도한 경쟁: 43개 매장']
2025-05-29 10:53:43,175 - __main__ - INFO - 인사동 제외: ['과도한 경쟁: 231개 매장']
2025-05-29 10:53:43,175 - __main__ - INFO - 창동 신경제 중심지 제외: ['과도한 경쟁: 757개 매장']
2025-05-29 10:53:43,175 - __main__ - INFO - 청량리 제기동 일대 전통시장 제외: ['카페 평균결제액 부적합: 2,250원']
2025-05-29 10:53:43,175 - __main__ - INFO - DDP(동대문디자인플라자) 제외: ['타겟 매칭 부족: 18.7%']
2025-05-29 10:53:43,175 - __main__ - INFO - DMC(디지털미디어시티) 제외: ['과도한 경쟁: 567개 매장']
2025-05-29 10:53:43,175 - __main__ - INFO - 북창동 먹자골목 제외: ['과도한 경쟁: 97개 매장', '타겟 매칭 부족: 23.7%']
2025-05-29 10:53:43,175 - __main__ - INFO - 남대문시장 제외: ['과도한 경쟁: 104개 매장', '타겟 매칭 부족: 27.7%']
2025-05-29 10:53:43,175 - __main__ - INFO - 익선동 제외: ['과도한 경쟁: 263개 매장']
2025-05-29 10:53:43,175 - __main__ - INFO - 신정네거리역 제외: ['타겟 매칭 부족: 23.8%']
2025-05-29 10:53:43,175 - __main__ - INFO - 잠실새내역 제외: ['과도한 경쟁: 507개 매장']
2025-05-29 10:53:43,175 - __main__ - INFO - 잠실역 제외: ['과도한 경쟁: 60개 매장', '타겟 매칭 부족: 22.9%']
2025-05-29 10:53:43,175 - __main__ - INFO - 잠실롯데타워 일대 제외: ['과도한 경쟁: 552개 매장', '타겟 매칭 부족: 27.0%']
2025-05-29 10:53:43,175 - __main__ - INFO - 송리단길·호수단길 제외: ['과도한 경쟁: 59개 매장']
2025-05-29 10:53:43,175 - __main__ - INFO - 신촌 스타광장 제외: ['카페 평균결제액 부적합: 5,000원']
2025-05-29 10:53:43,175 - __main__ - INFO - 제약조건 통과: 10개 지역
2025-05-29 10:53:43,175 - __main__ - INFO - 상권 추정매출 데이터 수집 중...
2025-05-29 10:53:43,853 - __main__ - INFO - 수집된 매출 데이터: 1000건
2025-05-29 10:53:43,854 - __main__ - INFO - 파레토 최적해: 5개
2025-05-29 13:28:57,143 - __main__ - INFO - 초기화: 임대료 데이터 로드 중...
2025-05-29 13:28:57,145 - __main__ - INFO - 부동산 임대료 데이터 수집 시작...
2025-05-29 13:29:39,473 - __main__ - INFO - 처리된 임대료 데이터: 0건, 0개 지역
2025-05-29 13:29:39,474 - __main__ - INFO - 분석 시작: 20개 지역
2025-05-29 13:29:44,975 - __main__ - INFO - 데이터 수집 완료: 20개 지역
2025-05-29 13:29:44,976 - __main__ - INFO - 강남 MICE 관광특구 제외: ['카페 평균결제액 부적합: 475원', '과도한 경쟁: 104개 매장']
2025-05-29 13:29:44,976 - __main__ - INFO - 동대문 관광특구 제외: ['카페 평균결제액 부적합: 250원', '과도한 경쟁: 421개 매장']
2025-05-29 13:29:44,976 - __main__ - INFO - 명동 관광특구 제외: ['카페 평균결제액 부적합: 2,825원', '과도한 경쟁: 1398개 매장']
2025-05-29 13:29:44,976 - __main__ - INFO - 이태원 관광특구 제외: ['과도한 경쟁: 705개 매장']
2025-05-29 13:29:44,976 - __main__ - INFO - 잠실 관광특구 제외: ['카페 평균결제액 부적합: 638원', '과도한 경쟁: 717개 매장']
2025-05-29 13:29:44,976 - __main__ - INFO - 종로·청계 관광특구 제외: ['카페 평균결제액 부적합: 1,362원', '과도한 경쟁: 1197개 매장']
2025-05-29 13:29:44,976 - __main__ - INFO - 홍대 관광특구 제외: ['카페 평균결제액 부적합: 1,744원', '과도한 경쟁: 2760개 매장']
2025-05-29 13:29:44,977 - __main__ - INFO - 광화문·덕수궁 제외: ['카페 평균결제액 부적합: 2,669원', '과도한 경쟁: 944개 매장']
2025-05-29 13:29:44,977 - __main__ - INFO - 보신각 제외: ['카페 평균결제액 부적합: 706원', '과도한 경쟁: 422개 매장']
2025-05-29 13:29:44,977 - __main__ - INFO - 가산디지털단지역 제외: ['카페 평균결제액 부적합: 906원', '과도한 경쟁: 838개 매장']
2025-05-29 13:29:44,977 - __main__ - INFO - 강남역 제외: ['카페 평균결제액 부적합: 1,919원', '과도한 경쟁: 1115개 매장']
2025-05-29 13:29:44,977 - __main__ - INFO - 건대입구역 제외: ['카페 평균결제액 부적합: 556원', '과도한 경쟁: 754개 매장']
2025-05-29 13:29:44,977 - __main__ - INFO - 고덕역 제외: ['과도한 경쟁: 112개 매장']
2025-05-29 13:29:44,978 - __main__ - INFO - 고속터미널역 제외: ['카페 평균결제액 부적합: 350원', '과도한 경쟁: 212개 매장']
2025-05-29 13:29:44,978 - __main__ - INFO - 교대역 제외: ['카페 평균결제액 부적합: 1,125원', '과도한 경쟁: 506개 매장']
2025-05-29 13:29:44,978 - __main__ - INFO - 구로디지털단지역 제외: ['카페 평균결제액 부적합: 844원', '과도한 경쟁: 711개 매장']
2025-05-29 13:29:44,978 - __main__ - INFO - 구로역 제외: ['카페 평균결제액 부적합: 125원']
2025-05-29 13:29:44,978 - __main__ - INFO - 군자역 제외: ['과도한 경쟁: 322개 매장']
2025-05-29 13:29:44,978 - __main__ - INFO - 대림역 제외: ['과도한 경쟁: 409개 매장']
2025-05-29 13:29:44,978 - __main__ - INFO - 동대문역 제외: ['과도한 경쟁: 269개 매장']
2025-05-29 13:29:44,978 - __main__ - INFO - 제약조건 통과: 0개 지역
2025-05-29 13:29:44,978 - __main__ - WARNING - 제약조건을 만족하는 지역이 없습니다.
2025-05-29 13:29:44,978 - __main__ - ERROR - 프로그램 실행 중 오류 발생: 'best_overall'
2025-05-29 14:36:57,769 - __main__ - INFO - 초기화: 임대료 데이터 로드 중...
2025-05-29 14:36:57,771 - __main__ - INFO - 부동산 임대료 데이터 수집 시작...
2025-05-29 14:37:42,124 - __main__ - INFO - 처리된 임대료 데이터: 0건, 0개 지역
2025-05-29 14:37:42,125 - __main__ - INFO - 분석 시작: 20개 지역
2025-05-29 14:37:48,774 - __main__ - INFO - 데이터 수집 완료: 20개 지역
2025-05-29 14:37:48,775 - __main__ - INFO - 강남 MICE 관광특구 제외: ['카페 평균결제액 부적합: 31,867원', '과도한 경쟁: 82개 매장']
2025-05-29 14:37:48,775 - __main__ - INFO - 동대문 관광특구 제외: ['카페 평균결제액 부적합: 51,294원', '과도한 경쟁: 421개 매장']
2025-05-29 14:37:48,776 - __main__ - INFO - 명동 관광특구 제외: ['카페 평균결제액 부적합: 1,088원', '과도한 경쟁: 1398개 매장']
2025-05-29 14:37:48,776 - __main__ - INFO - 이태원 관광특구 제외: ['과도한 경쟁: 546개 매장']
2025-05-29 14:37:48,776 - __main__ - INFO - 잠실 관광특구 제외: ['카페 평균결제액 부적합: 781원', '과도한 경쟁: 717개 매장']
2025-05-29 14:37:48,776 - __main__ - INFO - 종로·청계 관광특구 제외: ['카페 평균결제액 부적합: 494원', '과도한 경쟁: 1197개 매장']
2025-05-29 14:37:48,776 - __main__ - INFO - 홍대 관광특구 제외: ['카페 평균결제액 부적합: 756원', '과도한 경쟁: 2760개 매장']
2025-05-29 14:37:48,777 - __main__ - INFO - 광화문·덕수궁 제외: ['카페 평균결제액 부적합: 488원', '과도한 경쟁: 944개 매장']
2025-05-29 14:37:48,777 - __main__ - INFO - 보신각 제외: ['과도한 경쟁: 366개 매장']
2025-05-29 14:37:48,778 - __main__ - INFO - 가산디지털단지역 제외: ['카페 평균결제액 부적합: 142원', '과도한 경쟁: 724개 매장']
2025-05-29 14:37:48,779 - __main__ - INFO - 강남역 제외: ['카페 평균결제액 부적합: 525원', '과도한 경쟁: 1115개 매장']
2025-05-29 14:37:48,779 - __main__ - INFO - 건대입구역 제외: ['카페 평균결제액 부적합: 225원', '과도한 경쟁: 754개 매장']
2025-05-29 14:37:48,779 - __main__ - INFO - 고덕역 제외: ['카페 평균결제액 부적합: 60,000원', '과도한 경쟁: 72개 매장']
2025-05-29 14:37:48,779 - __main__ - INFO - 고속터미널역 제외: ['카페 평균결제액 부적합: 188원', '과도한 경쟁: 212개 매장']
2025-05-29 14:37:48,779 - __main__ - INFO - 교대역 제외: ['카페 평균결제액 부적합: 338원', '과도한 경쟁: 506개 매장']
2025-05-29 14:37:48,779 - __main__ - INFO - 구로디지털단지역 제외: ['카페 평균결제액 부적합: 238원', '과도한 경쟁: 711개 매장']
2025-05-29 14:37:48,779 - __main__ - INFO - 구로역 제외: ['카페 평균결제액 부적합: 975원']
2025-05-29 14:37:48,780 - __main__ - INFO - 군자역 제외: ['과도한 경쟁: 173개 매장']
2025-05-29 14:37:48,780 - __main__ - INFO - 대림역 제외: ['카페 평균결제액 부적합: 175원', '타겟 매칭 부족: 17.6%']
2025-05-29 14:37:48,780 - __main__ - INFO - 동대문역 제외: ['카페 평균결제액 부적합: 32,638원', '과도한 경쟁: 167개 매장']
2025-05-29 14:37:48,780 - __main__ - INFO - 제약조건 통과: 0개 지역
2025-05-29 14:37:48,780 - __main__ - WARNING - 제약조건을 만족하는 지역이 없습니다.
2025-05-29 14:37:48,780 - __main__ - ERROR - 프로그램 실행 중 오류 발생: 'best_overall'
2025-05-29 14:45:24,988 - __main__ - INFO - 초기화: 임대료 데이터 로드 중...
2025-05-29 14:45:24,990 - __main__ - INFO - 부동산 임대료 데이터 수집 시작...
2025-05-29 14:47:06,431 - __main__ - INFO - 초기화: 임대료 데이터 로드 중...
2025-05-29 14:47:06,432 - __main__ - INFO - 부동산 임대료 데이터 수집 시작...
2025-05-29 14:47:44,773 - __main__ - INFO - 처리된 임대료 데이터: 0건, 0개 지역
2025-05-29 14:47:44,774 - __main__ - INFO - 분석 시작: 82개 지역
2025-05-29 14:48:20,964 - __main__ - INFO - 데이터 수집 완료: 82개 지역
2025-05-29 14:48:20,965 - __main__ - INFO - 강남 MICE 관광특구 제외: ['카페 평균결제액 부적합: 200원', '과도한 경쟁: 60개 매장']
2025-05-29 14:48:20,965 - __main__ - INFO - 동대문 관광특구 제외: ['카페 평균결제액 부적합: 57,500원', '과도한 경쟁: 421개 매장']
2025-05-29 14:48:20,965 - __main__ - INFO - 명동 관광특구 제외: ['카페 평균결제액 부적합: 1,431원', '과도한 경쟁: 1398개 매장']
2025-05-29 14:48:20,966 - __main__ - INFO - 이태원 관광특구 제외: ['카페 평균결제액 부적합: 208원', '과도한 경쟁: 546개 매장']
2025-05-29 14:48:20,966 - __main__ - INFO - 잠실 관광특구 제외: ['카페 평균결제액 부적합: 400원', '과도한 경쟁: 717개 매장']
2025-05-29 14:48:20,966 - __main__ - INFO - 종로·청계 관광특구 제외: ['카페 평균결제액 부적합: 769원', '과도한 경쟁: 1197개 매장']
2025-05-29 14:48:20,966 - __main__ - INFO - 홍대 관광특구 제외: ['카페 평균결제액 부적합: 688원', '과도한 경쟁: 2760개 매장']
2025-05-29 14:48:20,966 - __main__ - INFO - 광화문·덕수궁 제외: ['카페 평균결제액 부적합: 806원', '과도한 경쟁: 944개 매장']
2025-05-29 14:48:20,966 - __main__ - INFO - 보신각 제외: ['카페 평균결제액 부적합: 300원', '과도한 경쟁: 422개 매장']
2025-05-29 14:48:20,966 - __main__ - INFO - 가산디지털단지역 제외: ['과도한 경쟁: 724개 매장']
2025-05-29 14:48:20,966 - __main__ - INFO - 강남역 제외: ['카페 평균결제액 부적합: 606원', '과도한 경쟁: 1115개 매장']
2025-05-29 14:48:20,966 - __main__ - INFO - 건대입구역 제외: ['카페 평균결제액 부적합: 200원', '과도한 경쟁: 754개 매장']
2025-05-29 14:48:20,966 - __main__ - INFO - 고덕역 제외: ['카페 평균결제액 부적합: 45,000원', '과도한 경쟁: 54개 매장']
2025-05-29 14:48:20,966 - __main__ - INFO - 고속터미널역 제외: ['카페 평균결제액 부적합: 250원', '과도한 경쟁: 212개 매장']
2025-05-29 14:48:20,966 - __main__ - INFO - 교대역 제외: ['카페 평균결제액 부적합: 262원', '과도한 경쟁: 506개 매장']
2025-05-29 14:48:20,966 - __main__ - INFO - 구로디지털단지역 제외: ['카페 평균결제액 부적합: 30,075원', '과도한 경쟁: 711개 매장']
2025-05-29 14:48:20,966 - __main__ - INFO - 구로역 제외: ['카페 평균결제액 부적합: 1,450원']
2025-05-29 14:48:20,966 - __main__ - INFO - 군자역 제외: ['카페 평균결제액 부적합: 48,333원', '과도한 경쟁: 270개 매장']
2025-05-29 14:48:20,966 - __main__ - INFO - 대림역 제외: ['카페 평균결제액 부적합: 75,000원', '과도한 경쟁: 188개 매장']
2025-05-29 14:48:20,966 - __main__ - INFO - 동대문역 제외: ['카페 평균결제액 부적합: 51,667원', '과도한 경쟁: 244개 매장']
2025-05-29 14:48:20,966 - __main__ - INFO - 뚝섬역 제외: ['카페 평균결제액 부적합: 342원', '과도한 경쟁: 389개 매장']
2025-05-29 14:48:20,966 - __main__ - INFO - 미아사거리역 제외: ['카페 평균결제액 부적합: 475원']
2025-05-29 14:48:20,966 - __main__ - INFO - 발산역 제외: ['카페 평균결제액 부적합: 358원', '과도한 경쟁: 512개 매장']
2025-05-29 14:48:20,966 - __main__ - INFO - 사당역 제외: ['카페 평균결제액 부적합: 40,212원', '과도한 경쟁: 689개 매장']
2025-05-29 14:48:20,966 - __main__ - INFO - 서울대입구역 제외: ['과도한 경쟁: 317개 매장']
2025-05-29 14:48:20,966 - __main__ - INFO - 서울식물원·마곡나루역 제외: ['카페 평균결제액 부적합: 46,708원', '과도한 경쟁: 279개 매장']
2025-05-29 14:48:20,966 - __main__ - INFO - 서울역 제외: ['카페 평균결제액 부적합: 258원', '과도한 경쟁: 171개 매장']
2025-05-29 14:48:20,967 - __main__ - INFO - 선릉역 제외: ['과도한 경쟁: 937개 매장']
2025-05-29 14:48:20,967 - __main__ - INFO - 성신여대입구역 제외: ['과도한 경쟁: 406개 매장']
2025-05-29 14:48:20,967 - __main__ - INFO - 수유역 제외: ['카페 평균결제액 부적합: 30,075원', '과도한 경쟁: 639개 매장']
2025-05-29 14:48:20,967 - __main__ - INFO - 신논현역·논현역 제외: ['과도한 경쟁: 411개 매장']
2025-05-29 14:48:20,967 - __main__ - INFO - 신도림역 제외: ['카페 평균결제액 부적합: 55,000원', '과도한 경쟁: 7개 매장']
2025-05-29 14:48:20,967 - __main__ - INFO - 신림역 제외: ['카페 평균결제액 부적합: 40,042원', '과도한 경쟁: 557개 매장']
2025-05-29 14:48:20,967 - __main__ - INFO - 신촌·이대역 제외: ['카페 평균결제액 부적합: 238원', '과도한 경쟁: 1032개 매장']
2025-05-29 14:48:20,967 - __main__ - INFO - 양재역 제외: ['카페 평균결제액 부적합: 50,058원', '과도한 경쟁: 358개 매장']
2025-05-29 14:48:20,967 - __main__ - INFO - 역삼역 제외: ['카페 평균결제액 부적합: 250원', '과도한 경쟁: 735개 매장']
2025-05-29 14:48:20,967 - __main__ - INFO - 연신내역 제외: ['카페 평균결제액 부적합: 32,562원', '과도한 경쟁: 500개 매장']
2025-05-29 14:48:20,967 - __main__ - INFO - 오목교역·목동운동장 제외: ['과도한 경쟁: 439개 매장']
2025-05-29 14:48:20,967 - __main__ - INFO - 왕십리역 제외: ['과도한 경쟁: 371개 매장']
2025-05-29 14:48:20,967 - __main__ - INFO - 용산역 제외: ['카페 평균결제액 부적합: 56,356원', '과도한 경쟁: 275개 매장']
2025-05-29 14:48:20,967 - __main__ - INFO - 이태원역 제외: ['카페 평균결제액 부적합: 45,000원', '과도한 경쟁: 311개 매장']
2025-05-29 14:48:20,967 - __main__ - INFO - 장지역 제외: ['카페 평균결제액 부적합: 125원', '과도한 경쟁: 35개 매장']
2025-05-29 14:48:20,967 - __main__ - INFO - 장한평역 제외: ['카페 평균결제액 부적합: 60,000원', '과도한 경쟁: 152개 매장']
2025-05-29 14:48:20,967 - __main__ - INFO - 천호역 제외: ['과도한 경쟁: 293개 매장']
2025-05-29 14:48:20,967 - __main__ - INFO - 총신대입구(이수)역 제외: ['카페 평균결제액 부적합: 125원', '과도한 경쟁: 426개 매장']
2025-05-29 14:48:20,967 - __main__ - INFO - 충정로역 제외: ['과도한 경쟁: 19개 매장']
2025-05-29 14:48:20,967 - __main__ - INFO - 합정역 제외: ['카페 평균결제액 부적합: 32,588원', '과도한 경쟁: 576개 매장']
2025-05-29 14:48:20,967 - __main__ - INFO - 혜화역 제외: ['과도한 경쟁: 513개 매장']
2025-05-29 14:48:20,967 - __main__ - INFO - 홍대입구역(2호선) 제외: ['과도한 경쟁: 277개 매장']
2025-05-29 14:48:20,967 - __main__ - INFO - 회기역 제외: ['카페 평균결제액 부적합: 42,562원', '과도한 경쟁: 420개 매장']
2025-05-29 14:48:20,967 - __main__ - INFO - 가락시장 제외: ['카페 평균결제액 부적합: 575원']
2025-05-29 14:48:20,967 - __main__ - INFO - 가로수길 제외: ['카페 평균결제액 부적합: 325원', '과도한 경쟁: 822개 매장']
2025-05-29 14:48:20,967 - __main__ - INFO - 광장(전통)시장 제외: ['카페 평균결제액 부적합: 33,525원', '과도한 경쟁: 164개 매장']
2025-05-29 14:48:20,967 - __main__ - INFO - 김포공항 제외: ['카페 평균결제액 부적합: 60,000원', '과도한 경쟁: 11개 매장']
2025-05-29 14:48:20,968 - __main__ - INFO - 노량진 제외: ['카페 평균결제액 부적합: 175원', '과도한 경쟁: 394개 매장']
2025-05-29 14:48:20,968 - __main__ - INFO - 덕수궁길·정동길 제외: ['카페 평균결제액 부적합: 65,000원', '과도한 경쟁: 108개 매장']
2025-05-29 14:48:20,968 - __main__ - INFO - 북촌한옥마을 제외: ['과도한 경쟁: 376개 매장']
2025-05-29 14:48:20,968 - __main__ - INFO - 서촌 제외: ['카페 평균결제액 부적합: 300원', '과도한 경쟁: 557개 매장']
2025-05-29 14:48:20,968 - __main__ - INFO - 성수카페거리 제외: ['카페 평균결제액 부적합: 325원', '과도한 경쟁: 630개 매장']
2025-05-29 14:48:20,968 - __main__ - INFO - 쌍문역 제외: ['카페 평균결제액 부적합: 35,000원', '과도한 경쟁: 134개 매장']
2025-05-29 14:48:20,968 - __main__ - INFO - 압구정로데오거리 제외: ['카페 평균결제액 부적합: 644원', '과도한 경쟁: 779개 매장']
2025-05-29 14:48:20,968 - __main__ - INFO - 여의도 제외: ['카페 평균결제액 부적합: 1,119원', '과도한 경쟁: 1763개 매장']
2025-05-29 14:48:20,968 - __main__ - INFO - 연남동 제외: ['카페 평균결제액 부적합: 258원', '과도한 경쟁: 659개 매장']
2025-05-29 14:48:20,968 - __main__ - INFO - 영등포 타임스퀘어 제외: ['과도한 경쟁: 504개 매장']
2025-05-29 14:48:20,968 - __main__ - INFO - 용리단길 제외: ['카페 평균결제액 부적합: 50,058원', '과도한 경쟁: 154개 매장']
2025-05-29 14:48:20,968 - __main__ - INFO - 이태원 앤틱가구거리 제외: ['카페 평균결제액 부적합: 55,000원', '과도한 경쟁: 89개 매장']
2025-05-29 14:48:20,968 - __main__ - INFO - 인사동 제외: ['과도한 경쟁: 563개 매장']
2025-05-29 14:48:20,968 - __main__ - INFO - 창동 신경제 중심지 제외: ['카페 평균결제액 부적합: 200원', '과도한 경쟁: 861개 매장']
2025-05-29 14:48:20,968 - __main__ - INFO - 청담동 명품거리 제외: ['카페 평균결제액 부적합: 65,000원', '과도한 경쟁: 102개 매장']
2025-05-29 14:48:20,968 - __main__ - INFO - 청량리 제기동 일대 전통시장 제외: ['카페 평균결제액 부적합: 40,058원', '과도한 경쟁: 324개 매장']
2025-05-29 14:48:20,968 - __main__ - INFO - 해방촌·경리단길 제외: ['카페 평균결제액 부적합: 55,000원', '과도한 경쟁: 32개 매장']
2025-05-29 14:48:20,968 - __main__ - INFO - DDP(동대문디자인플라자) 제외: ['카페 평균결제액 부적합: 125원', '과도한 경쟁: 15개 매장']
2025-05-29 14:48:20,968 - __main__ - INFO - DMC(디지털미디어시티) 제외: ['카페 평균결제액 부적합: 31,767원', '과도한 경쟁: 567개 매장']
2025-05-29 14:48:20,968 - __main__ - INFO - 북창동 먹자골목 제외: ['과도한 경쟁: 307개 매장']
2025-05-29 14:48:20,968 - __main__ - INFO - 남대문시장 제외: ['과도한 경쟁: 254개 매장']
2025-05-29 14:48:20,968 - __main__ - INFO - 익선동 제외: ['카페 평균결제액 부적합: 175원', '과도한 경쟁: 541개 매장']
2025-05-29 14:48:20,968 - __main__ - INFO - 신정네거리역 제외: ['카페 평균결제액 부적합: 50,000원', '과도한 경쟁: 159개 매장']
2025-05-29 14:48:20,968 - __main__ - INFO - 잠실새내역 제외: ['카페 평균결제액 부적합: 37,600원', '과도한 경쟁: 608개 매장']
2025-05-29 14:48:20,969 - __main__ - INFO - 잠실역 제외: ['과도한 경쟁: 92개 매장']
2025-05-29 14:48:20,969 - __main__ - INFO - 잠실롯데타워 일대 제외: ['카페 평균결제액 부적합: 350원', '과도한 경쟁: 681개 매장']
2025-05-29 14:48:20,969 - __main__ - INFO - 송리단길·호수단길 제외: ['카페 평균결제액 부적합: 40,212원', '과도한 경쟁: 495개 매장']
2025-05-29 14:48:20,969 - __main__ - INFO - 신촌 스타광장 제외: ['과도한 경쟁: 54개 매장']
2025-05-29 14:48:20,969 - __main__ - INFO - 제약조건 통과: 0개 지역
2025-05-29 14:48:20,969 - __main__ - WARNING - 제약조건을 만족하는 지역이 없습니다.
2025-05-29 14:48:20,969 - __main__ - ERROR - 프로그램 실행 중 오류 발생: 'best_overall'
